<?xml version="1.0" encoding="UTF-8"?>
<testng-results ignored="0" total="1" passed="1" failed="0" skipped="0">
  <reporter-output>
  </reporter-output>
  <suite started-at="2020-09-17T06:45:35Z" name="Default suite" finished-at="2020-09-17T06:46:10Z" duration-ms="34954">
    <groups>
    </groups>
    <test started-at="2020-09-17T06:45:35Z" name="Default test" finished-at="2020-09-17T06:46:10Z" duration-ms="34954">
      <class name="com.testcases.FlipkartLoginTestCase">
        <test-method is-config="true" signature="launchApp()[pri:0, instance:com.testcases.FlipkartLoginTestCase@56f521c6]" started-at="2020-09-17T06:45:35Z" name="launchApp" finished-at="2020-09-17T06:45:59Z" duration-ms="24693" status="PASS">
          <reporter-output>
          </reporter-output>
        </test-method> <!-- launchApp -->
        <test-method signature="login()[pri:0, instance:com.testcases.FlipkartLoginTestCase@56f521c6]" started-at="2020-09-17T06:45:59Z" name="login" finished-at="2020-09-17T06:46:02Z" duration-ms="2993" status="PASS">
          <reporter-output>
          </reporter-output>
        </test-method> <!-- login -->
        <test-method is-config="true" signature="close()[pri:0, instance:com.testcases.FlipkartLoginTestCase@56f521c6]" started-at="2020-09-17T06:46:03Z" name="close" finished-at="2020-09-17T06:46:10Z" duration-ms="6784" status="PASS">
          <reporter-output>
          </reporter-output>
        </test-method> <!-- close -->
      </class> <!-- com.testcases.FlipkartLoginTestCase -->
    </test> <!-- Default test -->
  </suite> <!-- Default suite -->
</testng-results>
